<?xml version="1.0" encoding="UTF-8"?>
<!-- Generated by org.testng.reporters.JUnitXMLReporter -->
<testsuite ignored="0" hostname="Swapnil" failures="0" tests="2" name="Test" time="0.057" errors="0" timestamp="2022-12-18T23:44:08 IST">
  <testcase classname="ParallelOperation.ParallelTestCases" name="@BeforeTest setup" time="-1.671387248729E9">
    <failure type="org.testng.TestNGException" message="
Parameter &amp;apos;browsertype&amp;apos; is required by BeforeTest on method setup but has not been marked @Optional or defined
in C:\TestNG\TestNG_Parallel\Parallel\testng.xml">
      <![CDATA[org.testng.TestNGException: 
Parameter 'browsertype' is required by BeforeTest on method setup but has not been marked @Optional or defined
in C:\TestNG\TestNG_Parallel\Parallel\testng.xml
... Removed 21 stack frames]]>
    </failure>
  </testcase> <!-- @BeforeTest setup -->
  <testcase classname="ParallelOperation.ParallelTestCases" name="@AfterTest tearDown" time="-1.67138724878E9">
    <skipped/>
  </testcase> <!-- @AfterTest tearDown -->
  <testcase classname="ParallelOperation.ParallelTestCases" name="reg" time="0.0">
    <skipped/>
  </testcase> <!-- reg -->
  <testcase classname="ParallelOperation.ParallelTestCases" name="validatetitle" time="0.0">
    <skipped/>
  </testcase> <!-- validatetitle -->
</testsuite> <!-- Test -->
